0 info it worked if it ends with ok
1 verbose cli [ '/Users/wchislett/.nvm/versions/node/v6.10.3/bin/node',
1 verbose cli   '/Users/wchislett/.nvm/versions/node/v6.10.3/bin/npm',
1 verbose cli   'install' ]
2 info using npm@3.10.10
3 info using node@v6.10.3
4 silly loadCurrentTree Starting
5 silly install loadCurrentTree
6 silly install readLocalPackageData
7 silly install normalizeTree
8 silly loadCurrentTree Finishing
9 silly loadIdealTree Starting
10 silly install loadIdealTree
11 silly cloneCurrentTree Starting
12 silly install cloneCurrentTreeToIdealTree
13 silly cloneCurrentTree Finishing
14 silly loadShrinkwrap Starting
15 silly install loadShrinkwrap
16 silly loadShrinkwrap Finishing
17 silly loadAllDepsIntoIdealTree Starting
18 silly install loadAllDepsIntoIdealTree
19 silly loadAllDepsIntoIdealTree Finishing
20 silly loadIdealTree Finishing
21 silly currentTree advert-window@1.0.0
21 silly currentTree └── nan@2.6.2
22 silly idealTree advert-window@1.0.0
22 silly idealTree └── nan@2.6.2
23 silly generateActionsToTake Starting
24 silly install generateActionsToTake
25 silly generateActionsToTake Finishing
26 silly diffTrees action count 0
27 silly decomposeActions action count 0
28 silly runTopLevelLifecycles Starting
29 silly install runPreinstallTopLevelLifecycles
30 silly preinstall advert-window@1.0.0 /Users/wchislett/dev/advert-window/advert-window-77f81ad3
31 info lifecycle advert-window@1.0.0~preinstall: advert-window@1.0.0
32 silly lifecycle advert-window@1.0.0~preinstall: no script for preinstall, continuing
33 silly executeActions Starting
34 silly install executeActions
35 silly doSerial global-install 0
36 silly doParallel fetch 0
37 verbose correctMkdir /Users/wchislett/.npm/_locks correctMkdir not in flight; initializing
38 verbose lock using /Users/wchislett/.npm/_locks/staging-3ff35c9281fc8776.lock for /Users/wchislett/dev/advert-window/node_modules/.staging
39 silly doParallel extract 0
40 silly doParallel preinstall 0
41 silly doReverseSerial remove 0
42 silly doSerial move 0
43 silly doSerial finalize 0
44 silly doSerial build 0
45 silly doSerial global-link 0
46 silly doParallel update-linked 0
47 silly doSerial install 0
48 silly doSerial postinstall 0
49 verbose unlock done using /Users/wchislett/.npm/_locks/staging-3ff35c9281fc8776.lock for /Users/wchislett/dev/advert-window/node_modules/.staging
50 silly executeActions Finishing
51 silly rollbackFailedOptional Starting
52 silly rollbackFailedOptional Finishing
53 silly install runPostinstallTopLevelLifecycles
54 silly build advert-window@1.0.0
55 info linkStuff advert-window@1.0.0
56 silly linkStuff advert-window@1.0.0 has /Users/wchislett/dev as its parent node_modules
57 verbose linkBins advert-window@1.0.0
58 verbose linkMans advert-window@1.0.0
59 silly install advert-window@1.0.0 /Users/wchislett/dev/advert-window/advert-window-77f81ad3
60 info lifecycle advert-window@1.0.0~install: advert-window@1.0.0
61 verbose lifecycle advert-window@1.0.0~install: unsafe-perm in lifecycle true
62 verbose lifecycle advert-window@1.0.0~install: PATH: /Users/wchislett/.nvm/versions/node/v6.10.3/lib/node_modules/npm/bin/node-gyp-bin:/Users/wchislett/dev/advert-window/node_modules/.bin:/Users/wchislett/.rvm/gems/ruby-2.1.1/bin:/Users/wchislett/.rvm/gems/ruby-2.1.1@global/bin:/Users/wchislett/.rvm/rubies/ruby-2.1.1/bin:/Users/wchislett/.nvm/versions/node/v6.10.3/bin:/usr/local/bin:/usr/bin:/bin:/usr/sbin:/sbin:/Users/wchislett/.rvm/bin
63 verbose lifecycle advert-window@1.0.0~install: CWD: /Users/wchislett/dev/advert-window
64 silly lifecycle advert-window@1.0.0~install: Args: [ '-c', 'node-gyp rebuild' ]
65 silly lifecycle advert-window@1.0.0~install: Returned: code: 1  signal: null
66 info lifecycle advert-window@1.0.0~install: Failed to exec install script
67 verbose stack Error: advert-window@1.0.0 install: `node-gyp rebuild`
67 verbose stack Exit status 1
67 verbose stack     at EventEmitter.<anonymous> (/Users/wchislett/.nvm/versions/node/v6.10.3/lib/node_modules/npm/lib/utils/lifecycle.js:255:16)
67 verbose stack     at emitTwo (events.js:106:13)
67 verbose stack     at EventEmitter.emit (events.js:191:7)
67 verbose stack     at ChildProcess.<anonymous> (/Users/wchislett/.nvm/versions/node/v6.10.3/lib/node_modules/npm/lib/utils/spawn.js:40:14)
67 verbose stack     at emitTwo (events.js:106:13)
67 verbose stack     at ChildProcess.emit (events.js:191:7)
67 verbose stack     at maybeClose (internal/child_process.js:886:16)
67 verbose stack     at Process.ChildProcess._handle.onexit (internal/child_process.js:226:5)
68 verbose pkgid advert-window@1.0.0
69 verbose cwd /Users/wchislett/dev/advert-window
70 error Darwin 15.6.0
71 error argv "/Users/wchislett/.nvm/versions/node/v6.10.3/bin/node" "/Users/wchislett/.nvm/versions/node/v6.10.3/bin/npm" "install"
72 error node v6.10.3
73 error npm  v3.10.10
74 error code ELIFECYCLE
75 error advert-window@1.0.0 install: `node-gyp rebuild`
75 error Exit status 1
76 error Failed at the advert-window@1.0.0 install script 'node-gyp rebuild'.
76 error Make sure you have the latest version of node.js and npm installed.
76 error If you do, this is most likely a problem with the advert-window package,
76 error not with npm itself.
76 error Tell the author that this fails on your system:
76 error     node-gyp rebuild
76 error You can get information on how to open an issue for this project with:
76 error     npm bugs advert-window
76 error Or if that isn't available, you can get their info via:
76 error     npm owner ls advert-window
76 error There is likely additional logging output above.
77 verbose exit [ 1, true ]
